Base path: /Users/ruigonzalez/Unity/2018.3.12f1/Unity.app/Contents
Cmd: initializeCompiler
Cmd: compileComputeKernel
  api=14 insize=1226 outsize=1357 ok=1
Cmd: translateComputeKernel
  api=14 insize=1469 outsize=1585 ok=1
Cmd: compileComputeKernel
  api=14 insize=5022 outsize=5141 ok=1
Cmd: translateComputeKernel
  api=14 insize=5397 outsize=7573 ok=1
Cmd: compileComputeKernel
  api=14 insize=18731 outsize=9405 ok=1
Cmd: compileComputeKernel
  api=14 insize=18731 outsize=11489 ok=1
Cmd: translateComputeKernel
  api=14 insize=9405 outsize=16213 ok=1
Cmd: compileComputeKernel
  api=14 insize=2953 outsize=2021 ok=1
Cmd: translateComputeKernel
  api=14 insize=2021 outsize=3173 ok=1
Cmd: initializeCompiler
Cmd: initializeCompiler
Cmd: initializeCompiler
Cmd: translateComputeKernel
  api=14 insize=2129 outsize=3889 ok=1
Cmd: compileComputeKernel
  api=14 insize=10881 outsize=10709 ok=1
Cmd: compileComputeKernel
  api=14 insize=4845 outsize=10953 ok=1
Cmd: compileComputeKernel
  api=14 insize=3396 outsize=3445 ok=1
Cmd: compileComputeKernel
  api=14 insize=18299 outsize=9397 ok=1
Cmd: compileComputeKernel
  api=14 insize=18299 outsize=11797 ok=1
Cmd: translateComputeKernel
  api=14 insize=9637 outsize=16465 ok=1
Cmd: translateComputeKernel
  api=14 insize=11489 outsize=25117 ok=1
Cmd: compileComputeKernel
  api=14 insize=2867 outsize=2021 ok=1
